2019-07-10 11:13:06 Config path /aionr/custom/custom.toml
2019-07-10 11:13:06 Genesis spec path /aionr/custom/custom.json
2019-07-10 11:13:06 Keys path /aionr/custom/base/keys/custom
2019-07-10 11:13:06 DB path /aionr/custom/base/chains/custom/db/0e19016c2210e237
2019-07-10 11:13:06 
             _____    ____    _   _ 
     /\     |_   _|  / __ \  | \ | |
    /  \      | |   | |  | | |  \| |
   / /\ \     | |   | |  | | | . ` |
  / ____ \   _| |_  | |__| | | |\  |
 /_/    \_\ |_____|  \____/  |_| \_|


2019-07-10 11:13:06 Starting Aion(R)/v0.2.5.a60ae38/x86_64-linux-gnu/rustc-1.28.0
2019-07-10 11:13:06 Configured for Custom using POWEquihashEngine engine
2019-07-10 11:13:06 Genesis hash: 36b7fa23ae575c5462d12771f8f1eea198635b690e19016c2210e237b6aed7b0
2019-07-10 11:13:06 State DB configuration: archive
2019-07-10 11:13:06 Wallet API is disabled.
2019-07-10 11:13:06 local node loaded: 99999999-e35f-4cf9-9234-65cea7558aa4@0.0.0.0:30303
2019-07-10 11:13:11 Listening on: 0.0.0.0:30303
2019-07-10 11:13:11 ======================================================== Sync Statics =========================================================
2019-07-10 11:13:11 Best block number: 0, hash: 36b7…d7b0
2019-07-10 11:13:11 Network Best block number: 0, hash: 0000…0000
2019-07-10 11:13:11 Max staged block number: 0
2019-07-10 11:13:11 Sync speed: 0 blks/sec
2019-07-10 11:13:11 Total/Connected/Active peers: 0/0/0
2019-07-10 11:13:11 -------------------------------------------------------------------------------------------------------------------------------
2019-07-10 11:13:11       Total Diff    Blk No.    Blk Hash                 Address                 Revision      Conn  Seed  LstReq No.       Mode
2019-07-10 11:13:11 -------------------------------------------------------------------------------------------------------------------------------
2019-07-10 11:13:11 -------------------------------------------------------------------------------------------------------------------------------
2019-07-10 11:13:26 ======================================================== Sync Statics =========================================================
2019-07-10 11:13:26 Best block number: 0, hash: 36b7…d7b0
2019-07-10 11:13:26 Network Best block number: 0, hash: 36b7…d7b0
2019-07-10 11:13:26 Max staged block number: 0
2019-07-10 11:13:26 Sync speed: 0 blks/sec
2019-07-10 11:13:26 Total/Connected/Active peers: 2/2/1
2019-07-10 11:13:26 -------------------------------------------------------------------------------------------------------------------------------
2019-07-10 11:13:26       Total Diff    Blk No.    Blk Hash                 Address                 Revision      Conn  Seed  LstReq No.       Mode
2019-07-10 11:13:26 -------------------------------------------------------------------------------------------------------------------------------
2019-07-10 11:13:26               16          0   36b7…d7b0   172. 17.  0.  2:30303          0.4.0.2.092068b  Outbound     Y           0     NORMAL
2019-07-10 11:13:26 -------------------------------------------------------------------------------------------------------------------------------
2019-07-10 11:13:41 ======================================================== Sync Statics =========================================================
2019-07-10 11:13:41 Best block number: 3, hash: acb5…b7d1
2019-07-10 11:13:41 Network Best block number: 2, hash: 017b…fc79
2019-07-10 11:13:41 Max staged block number: 0
2019-07-10 11:13:41 Sync speed: 0 blks/sec
2019-07-10 11:13:41 Total/Connected/Active peers: 2/2/1
2019-07-10 11:13:41 -------------------------------------------------------------------------------------------------------------------------------
2019-07-10 11:13:41       Total Diff    Blk No.    Blk Hash                 Address                 Revision      Conn  Seed  LstReq No.       Mode
2019-07-10 11:13:41 -------------------------------------------------------------------------------------------------------------------------------
2019-07-10 11:13:41               48          2   017b…fc79   172. 17.  0.  2:30303          0.4.0.2.092068b  Outbound     Y           0     NORMAL
2019-07-10 11:13:41 -------------------------------------------------------------------------------------------------------------------------------
2019-07-10 11:13:56 ======================================================== Sync Statics =========================================================
2019-07-10 11:13:56 Best block number: 4, hash: ff36…9536
2019-07-10 11:13:56 Network Best block number: 4, hash: ff36…9536
2019-07-10 11:13:56 Max staged block number: 0
2019-07-10 11:13:56 Sync speed: 0 blks/sec
2019-07-10 11:13:56 Total/Connected/Active peers: 2/2/1
2019-07-10 11:13:56 -------------------------------------------------------------------------------------------------------------------------------
2019-07-10 11:13:56       Total Diff    Blk No.    Blk Hash                 Address                 Revision      Conn  Seed  LstReq No.       Mode
2019-07-10 11:13:56 -------------------------------------------------------------------------------------------------------------------------------
2019-07-10 11:13:56               80          4   ff36…9536   172. 17.  0.  2:30303          0.4.0.2.092068b  Outbound     Y           0     NORMAL
2019-07-10 11:13:56 -------------------------------------------------------------------------------------------------------------------------------
2019-07-10 11:14:11 ======================================================== Sync Statics =========================================================
2019-07-10 11:14:11 Best block number: 4, hash: ff36…9536
2019-07-10 11:14:11 Network Best block number: 4, hash: ff36…9536
2019-07-10 11:14:11 Max staged block number: 0
2019-07-10 11:14:11 Sync speed: 0 blks/sec
2019-07-10 11:14:11 Total/Connected/Active peers: 2/2/1
2019-07-10 11:14:11 -------------------------------------------------------------------------------------------------------------------------------
2019-07-10 11:14:11       Total Diff    Blk No.    Blk Hash                 Address                 Revision      Conn  Seed  LstReq No.       Mode
2019-07-10 11:14:11 -------------------------------------------------------------------------------------------------------------------------------
2019-07-10 11:14:11               80          4   ff36…9536   172. 17.  0.  2:30303          0.4.0.2.092068b  Outbound     Y           0     NORMAL
2019-07-10 11:14:11 -------------------------------------------------------------------------------------------------------------------------------
2019-07-10 11:14:26 ======================================================== Sync Statics =========================================================
2019-07-10 11:14:26 Best block number: 5, hash: bffb…65f8
2019-07-10 11:14:26 Network Best block number: 5, hash: bffb…65f8
2019-07-10 11:14:26 Max staged block number: 0
2019-07-10 11:14:26 Sync speed: 0 blks/sec
2019-07-10 11:14:26 Total/Connected/Active peers: 2/2/1
2019-07-10 11:14:26 -------------------------------------------------------------------------------------------------------------------------------
2019-07-10 11:14:26       Total Diff    Blk No.    Blk Hash                 Address                 Revision      Conn  Seed  LstReq No.       Mode
2019-07-10 11:14:26 -------------------------------------------------------------------------------------------------------------------------------
2019-07-10 11:14:26               97          5   bffb…65f8   172. 17.  0.  2:30303          0.4.0.2.092068b  Outbound     Y           0     NORMAL
2019-07-10 11:14:26 -------------------------------------------------------------------------------------------------------------------------------
2019-07-10 11:14:41 ======================================================== Sync Statics =========================================================
2019-07-10 11:14:41 Best block number: 6, hash: 4d4c…b388
2019-07-10 11:14:41 Network Best block number: 5, hash: bffb…65f8
2019-07-10 11:14:41 Max staged block number: 0
2019-07-10 11:14:41 Sync speed: 0 blks/sec
2019-07-10 11:14:41 Total/Connected/Active peers: 2/2/1
2019-07-10 11:14:41 -------------------------------------------------------------------------------------------------------------------------------
2019-07-10 11:14:41       Total Diff    Blk No.    Blk Hash                 Address                 Revision      Conn  Seed  LstReq No.       Mode
2019-07-10 11:14:41 -------------------------------------------------------------------------------------------------------------------------------
2019-07-10 11:14:41               97          5   bffb…65f8   172. 17.  0.  2:30303          0.4.0.2.092068b  Outbound     Y           0     NORMAL
2019-07-10 11:14:41 -------------------------------------------------------------------------------------------------------------------------------
2019-07-10 11:14:56 ======================================================== Sync Statics =========================================================
2019-07-10 11:14:56 Best block number: 6, hash: 4d4c…b388
2019-07-10 11:14:56 Network Best block number: 6, hash: 4d4c…b388
2019-07-10 11:14:56 Max staged block number: 0
2019-07-10 11:14:56 Sync speed: 0 blks/sec
2019-07-10 11:14:56 Total/Connected/Active peers: 2/2/1
2019-07-10 11:14:56 -------------------------------------------------------------------------------------------------------------------------------
2019-07-10 11:14:56       Total Diff    Blk No.    Blk Hash                 Address                 Revision      Conn  Seed  LstReq No.       Mode
2019-07-10 11:14:56 -------------------------------------------------------------------------------------------------------------------------------
2019-07-10 11:14:56              113          6   4d4c…b388   172. 17.  0.  2:30303          0.4.0.2.092068b  Outbound     Y           0     NORMAL
2019-07-10 11:14:56 -------------------------------------------------------------------------------------------------------------------------------
2019-07-10 11:15:11 ======================================================== Sync Statics =========================================================
2019-07-10 11:15:11 Best block number: 7, hash: 4324…20d6
2019-07-10 11:15:11 Network Best block number: 7, hash: 4324…20d6
2019-07-10 11:15:11 Max staged block number: 0
2019-07-10 11:15:11 Sync speed: 0 blks/sec
2019-07-10 11:15:11 Total/Connected/Active peers: 2/2/1
2019-07-10 11:15:11 -------------------------------------------------------------------------------------------------------------------------------
2019-07-10 11:15:11       Total Diff    Blk No.    Blk Hash                 Address                 Revision      Conn  Seed  LstReq No.       Mode
2019-07-10 11:15:11 -------------------------------------------------------------------------------------------------------------------------------
2019-07-10 11:15:11              129          7   4324…20d6   172. 17.  0.  2:30303          0.4.0.2.092068b  Outbound     Y           0     NORMAL
2019-07-10 11:15:11 -------------------------------------------------------------------------------------------------------------------------------
2019-07-10 11:15:26 ======================================================== Sync Statics =========================================================
2019-07-10 11:15:26 Best block number: 8, hash: 786a…12cc
2019-07-10 11:15:26 Network Best block number: 8, hash: 786a…12cc
2019-07-10 11:15:26 Max staged block number: 0
2019-07-10 11:15:26 Sync speed: 0 blks/sec
2019-07-10 11:15:26 Total/Connected/Active peers: 2/2/1
2019-07-10 11:15:26 -------------------------------------------------------------------------------------------------------------------------------
2019-07-10 11:15:26       Total Diff    Blk No.    Blk Hash                 Address                 Revision      Conn  Seed  LstReq No.       Mode
2019-07-10 11:15:26 -------------------------------------------------------------------------------------------------------------------------------
2019-07-10 11:15:26              145          8   786a…12cc   172. 17.  0.  2:30303          0.4.0.2.092068b  Outbound     Y           0     NORMAL
2019-07-10 11:15:26 -------------------------------------------------------------------------------------------------------------------------------
2019-07-10 11:15:41 ======================================================== Sync Statics =========================================================
2019-07-10 11:15:41 Best block number: 10, hash: 747c…5235
2019-07-10 11:15:41 Network Best block number: 10, hash: 747c…5235
2019-07-10 11:15:41 Max staged block number: 0
2019-07-10 11:15:41 Sync speed: 0 blks/sec
2019-07-10 11:15:41 Total/Connected/Active peers: 2/2/1
2019-07-10 11:15:41 -------------------------------------------------------------------------------------------------------------------------------
2019-07-10 11:15:41       Total Diff    Blk No.    Blk Hash                 Address                 Revision      Conn  Seed  LstReq No.       Mode
2019-07-10 11:15:41 -------------------------------------------------------------------------------------------------------------------------------
2019-07-10 11:15:41              178         10   747c…5235   172. 17.  0.  2:30303          0.4.0.2.092068b  Outbound     Y           0     NORMAL
2019-07-10 11:15:41 -------------------------------------------------------------------------------------------------------------------------------
2019-07-10 11:15:56 ======================================================== Sync Statics =========================================================
2019-07-10 11:15:56 Best block number: 11, hash: 750f…3c1c
2019-07-10 11:15:56 Network Best block number: 11, hash: 750f…3c1c
2019-07-10 11:15:56 Max staged block number: 0
2019-07-10 11:15:56 Sync speed: 0 blks/sec
2019-07-10 11:15:56 Total/Connected/Active peers: 2/2/1
2019-07-10 11:15:56 -------------------------------------------------------------------------------------------------------------------------------
2019-07-10 11:15:56       Total Diff    Blk No.    Blk Hash                 Address                 Revision      Conn  Seed  LstReq No.       Mode
2019-07-10 11:15:56 -------------------------------------------------------------------------------------------------------------------------------
2019-07-10 11:15:56              195         11   750f…3c1c   172. 17.  0.  2:30303          0.4.0.2.092068b  Outbound     Y           0     NORMAL
2019-07-10 11:15:56 -------------------------------------------------------------------------------------------------------------------------------
2019-07-10 11:16:11 Disconnect with idle node: 99999999-e35f-4cf9-9234-65cea7558aa4@0.0.0.0:30303.
2019-07-10 11:16:11 ======================================================== Sync Statics =========================================================
2019-07-10 11:16:11 Best block number: 13, hash: 1a71…abca
2019-07-10 11:16:11 Network Best block number: 13, hash: 1a71…abca
2019-07-10 11:16:11 Max staged block number: 0
2019-07-10 11:16:11 Sync speed: 0 blks/sec
2019-07-10 11:16:11 Total/Connected/Active peers: 2/1/1
2019-07-10 11:16:11 -------------------------------------------------------------------------------------------------------------------------------
2019-07-10 11:16:11       Total Diff    Blk No.    Blk Hash                 Address                 Revision      Conn  Seed  LstReq No.       Mode
2019-07-10 11:16:11 -------------------------------------------------------------------------------------------------------------------------------
2019-07-10 11:16:11              229         13   1a71…abca   172. 17.  0.  2:30303          0.4.0.2.092068b  Outbound     Y           0     NORMAL
2019-07-10 11:16:11 -------------------------------------------------------------------------------------------------------------------------------
2019-07-10 11:16:26 Disconnect with idle node: 99999999-e35f-4cf9-9234-65cea7558aa4@0.0.0.0:30303.
2019-07-10 11:16:26 ======================================================== Sync Statics =========================================================
2019-07-10 11:16:26 Best block number: 13, hash: 1a71…abca
2019-07-10 11:16:26 Network Best block number: 13, hash: 1a71…abca
2019-07-10 11:16:26 Max staged block number: 0
2019-07-10 11:16:26 Sync speed: 0 blks/sec
2019-07-10 11:16:26 Total/Connected/Active peers: 1/1/1
2019-07-10 11:16:26 -------------------------------------------------------------------------------------------------------------------------------
2019-07-10 11:16:26       Total Diff    Blk No.    Blk Hash                 Address                 Revision      Conn  Seed  LstReq No.       Mode
2019-07-10 11:16:26 -------------------------------------------------------------------------------------------------------------------------------
2019-07-10 11:16:26              229         13   1a71…abca   172. 17.  0.  2:30303          0.4.0.2.092068b  Outbound     Y           0     NORMAL
2019-07-10 11:16:26 -------------------------------------------------------------------------------------------------------------------------------
